Arguments: 
  /usr/local/Cellar/node/8.9.1/bin/node /usr/local/Cellar/yarn/1.3.2/libexec/bin/yarn.js

PATH: 
  /usr/local/bin:/usr/bin:/bin:/usr/sbin:/sbin

Yarn version: 
  1.3.2

Node version: 
  8.9.1

Platform: 
  darwin x64

npm manifest: 
  {
    "name": "node-js-getting-started",
    "version": "0.1.2",
    "description": "A sample Node.js app using Express 4",
    "main": "index.js",
    "scripts": {
      "start": "node index.js"
    },
    "dependencies": {
      "director": "",
    },
    "engines": {
      "node": "0.10.x"
    },
    "repository": {
      "type": "git",
      "url": "https://github.com/heroku/node-js-getting-started"
    },
    "keywords": [
      "node",
      "heroku",
      "express"
    ],
    "license": "MIT"
  }

yarn manifest: 
  No manifest

Lockfile: 
  No lockfile

Trace: 
  SyntaxError: /Users/jmunn/personal_project/RuphiroBot/package.json: Unexpected token } in JSON at position 231
      at JSON.parse (<anonymous>)
      at /usr/local/Cellar/yarn/1.3.2/libexec/lib/cli.js:770:59
      at Generator.next (<anonymous>)
      at step (/usr/local/Cellar/yarn/1.3.2/libexec/lib/cli.js:92:30)
      at /usr/local/Cellar/yarn/1.3.2/libexec/lib/cli.js:103:13
      at <anonymous>
